<?xml version="1.0" encoding="UTF-8"?>
<coverage generated="1588243814319" clover="3.2.0">
  <project timestamp="1588243814319" name="All files">
    <metrics statements="8" coveredstatements="8" conditionals="0" coveredconditionals="0" methods="6" coveredmethods="6" elements="14" coveredelements="14" complexity="0" loc="8" ncloc="8" packages="1" files="3" classes="3"/>
    <file name="ayncdemo.js" path="/Users/xiaofan/D/sources/newGit/Web/webTpl/src/__tests__/ayncdemo.js">
      <metrics statements="3" coveredstatements="3" conditionals="0" coveredconditionals="0" methods="2" coveredmethods="2"/>
      <line num="8" count="1" type="stmt"/>
      <line num="9" count="1" type="stmt"/>
      <line num="10" count="1" type="stmt"/>
    </file>
    <file name="reactdemo.js" path="/Users/xiaofan/D/sources/newGit/Web/webTpl/src/__tests__/reactdemo.js">
      <metrics statements="3" coveredstatements="3" conditionals="0" coveredconditionals="0" methods="3" coveredmethods="3"/>
      <line num="13" count="1" type="stmt"/>
      <line num="14" count="1" type="stmt"/>
      <line num="22" count="1" type="stmt"/>
    </file>
    <file name="sum.js" path="/Users/xiaofan/D/sources/newGit/Web/webTpl/src/__tests__/sum.js">
      <metrics statements="2" coveredstatements="2" conditionals="0" coveredconditionals="0" methods="1" coveredmethods="1"/>
      <line num="10" count="1" type="stmt"/>
      <line num="12" count="1" type="stmt"/>
    </file>
  </project>
</coverage>
